<?xml version="1.0" encoding="UTF-8"?>
<coverage generated="1605036076">
  <project timestamp="1605036076">
    <package name="boehm_s">
      <file name="/home/boehm_s/Documents/fun-php/src/fun.php">
        <class name="boehm_s\F" namespace="boehm_s">
          <metrics complexity="37" methods="23" coveredmethods="23" conditionals="0" coveredconditionals="0" statements="68" coveredstatements="68" elements="91" coveredelements="91"/>
        </class>
        <line num="12" type="stmt" count="1"/>
        <line num="13" type="stmt" count="1"/>
        <line num="14" type="stmt" count="1"/>
        <line num="15" type="stmt" count="1"/>
        <line num="16" type="stmt" count="1"/>
        <line num="17" type="stmt" count="1"/>
        <line num="18" type="stmt" count="1"/>
        <line num="39" type="method" name="filter" visibility="public" complexity="1" crap="1" count="6"/>
        <line num="41" type="stmt" count="5"/>
        <line num="42" type="stmt" count="6"/>
        <line num="56" type="method" name="each" visibility="public" complexity="2" crap="2" count="1"/>
        <line num="58" type="stmt" count="1"/>
        <line num="59" type="stmt" count="1"/>
        <line num="61" type="stmt" count="1"/>
        <line num="62" type="stmt" count="1"/>
        <line num="76" type="method" name="map" visibility="public" complexity="1" crap="1" count="9"/>
        <line num="78" type="stmt" count="9"/>
        <line num="79" type="stmt" count="9"/>
        <line num="93" type="method" name="flatMap" visibility="public" complexity="2" crap="2" count="3"/>
        <line num="95" type="stmt" count="3"/>
        <line num="97" type="stmt" count="3"/>
        <line num="98" type="stmt" count="3"/>
        <line num="112" type="method" name="find" visibility="public" complexity="3" crap="3" count="1"/>
        <line num="114" type="stmt" count="1"/>
        <line num="115" type="stmt" count="1"/>
        <line num="116" type="stmt" count="1"/>
        <line num="120" type="stmt" count="1"/>
        <line num="121" type="stmt" count="1"/>
        <line num="135" type="method" name="findIndex" visibility="public" complexity="3" crap="3" count="1"/>
        <line num="137" type="stmt" count="1"/>
        <line num="138" type="stmt" count="1"/>
        <line num="139" type="stmt" count="1"/>
        <line num="143" type="stmt" count="1"/>
        <line num="144" type="stmt" count="1"/>
        <line num="158" type="method" name="some" visibility="public" complexity="3" crap="3" count="1"/>
        <line num="160" type="stmt" count="1"/>
        <line num="161" type="stmt" count="1"/>
        <line num="162" type="stmt" count="1"/>
        <line num="166" type="stmt" count="1"/>
        <line num="167" type="stmt" count="1"/>
        <line num="181" type="method" name="every" visibility="public" complexity="3" crap="3" count="1"/>
        <line num="183" type="stmt" count="1"/>
        <line num="184" type="stmt" count="1"/>
        <line num="185" type="stmt" count="1"/>
        <line num="189" type="stmt" count="1"/>
        <line num="190" type="stmt" count="1"/>
        <line num="204" type="method" name="sort" visibility="public" complexity="1" crap="1" count="1"/>
        <line num="206" type="stmt" count="1"/>
        <line num="207" type="stmt" count="1"/>
        <line num="209" type="stmt" count="1"/>
        <line num="221" type="method" name="reverse" visibility="public" complexity="1" crap="1" count="1"/>
        <line num="223" type="stmt" count="1"/>
        <line num="225" type="stmt" count="1"/>
        <line num="226" type="stmt" count="1"/>
        <line num="242" type="method" name="reduce" visibility="public" complexity="1" crap="1" count="1"/>
        <line num="244" type="stmt" count="1"/>
        <line num="245" type="stmt" count="1"/>
        <line num="258" type="method" name="includes" visibility="public" complexity="1" crap="1" count="1"/>
        <line num="260" type="stmt" count="1"/>
        <line num="261" type="stmt" count="1"/>
        <line num="275" type="method" name="prop" visibility="public" complexity="1" crap="1" count="4"/>
        <line num="277" type="stmt" count="4"/>
        <line num="278" type="stmt" count="4"/>
        <line num="293" type="method" name="propOr" visibility="public" complexity="2" crap="2" count="1"/>
        <line num="295" type="stmt" count="1"/>
        <line num="296" type="stmt" count="1"/>
        <line num="310" type="method" name="pick" visibility="public" complexity="3" crap="3" count="2"/>
        <line num="312" type="stmt" count="2"/>
        <line num="313" type="stmt" count="2"/>
        <line num="314" type="stmt" count="2"/>
        <line num="315" type="stmt" count="2"/>
        <line num="319" type="stmt" count="2"/>
        <line num="320" type="stmt" count="2"/>
        <line num="333" type="method" name="uniq" visibility="public" complexity="1" crap="1" count="2"/>
        <line num="335" type="stmt" count="2"/>
        <line num="336" type="stmt" count="2"/>
        <line num="350" type="method" name="merge" visibility="public" complexity="2" crap="2" count="2"/>
        <line num="351" type="stmt" count="2"/>
        <line num="353" type="stmt" count="2"/>
        <line num="368" type="method" name="propEq" visibility="public" complexity="1" crap="1" count="3"/>
        <line num="370" type="stmt" count="3"/>
        <line num="371" type="stmt" count="3"/>
        <line num="386" type="method" name="propSatisfies" visibility="public" complexity="1" crap="1" count="1"/>
        <line num="388" type="stmt" count="1"/>
        <line num="389" type="stmt" count="1"/>
        <line num="401" type="method" name="pipe" visibility="public" complexity="1" crap="1" count="5"/>
        <line num="404" type="stmt" count="5"/>
        <line num="405" type="stmt" count="5"/>
        <line num="406" type="stmt" count="5"/>
        <line num="418" type="method" name="compose" visibility="public" complexity="1" crap="1" count="2"/>
        <line num="419" type="stmt" count="2"/>
        <line num="433" type="method" name="partial" visibility="public" complexity="1" crap="1" count="4"/>
        <line num="436" type="stmt" count="4"/>
        <line num="437" type="stmt" count="4"/>
        <line num="438" type="stmt" count="4"/>
        <line num="450" type="method" name="not" visibility="public" complexity="1" crap="1" count="1"/>
        <line num="452" type="stmt" count="1"/>
        <line num="453" type="stmt" count="1"/>
        <metrics loc="456" ncloc="195" classes="1" methods="23" coveredmethods="23" conditionals="0" coveredconditionals="0" statements="75" coveredstatements="75" elements="98" coveredelements="98"/>
      </file>
    </package>
    <file name="/home/boehm_s/Documents/fun-php/src/internals/_arity.php">
      <line num="7" type="stmt" count="14"/>
      <line num="8" type="stmt" count="1"/>
      <line num="9" type="stmt" count="1"/>
      <line num="10" type="stmt" count="1"/>
      <line num="11" type="stmt" count="1"/>
      <line num="13" type="stmt" count="13"/>
      <line num="14" type="stmt" count="13"/>
      <line num="17" type="stmt" count="14"/>
      <metrics loc="18" ncloc="15" classes="0" methods="0" coveredmethods="0" conditionals="0" coveredconditionals="0" statements="8" coveredstatements="8" elements="8" coveredelements="8"/>
    </file>
    <file name="/home/boehm_s/Documents/fun-php/src/internals/_curry1.php">
      <line num="3" type="stmt" count="1"/>
      <line num="7" type="stmt" count="23"/>
      <line num="8" type="stmt" count="23"/>
      <line num="11" type="stmt" count="23"/>
      <line num="13" type="stmt" count="23"/>
      <metrics loc="14" ncloc="14" classes="0" methods="0" coveredmethods="0" conditionals="0" coveredconditionals="0" statements="5" coveredstatements="5" elements="5" coveredelements="5"/>
    </file>
    <file name="/home/boehm_s/Documents/fun-php/src/internals/_curry2.php">
      <line num="3" type="stmt" count="1"/>
      <line num="4" type="stmt" count="1"/>
      <line num="8" type="stmt" count="25"/>
      <line num="9" type="stmt" count="25"/>
      <line num="10" type="stmt" count="25"/>
      <line num="12" type="stmt" count="25"/>
      <line num="13" type="stmt" count="25"/>
      <line num="15" type="stmt" count="25"/>
      <line num="17" type="stmt" count="17"/>
      <line num="18" type="stmt" count="17"/>
      <line num="20" type="stmt" count="18"/>
      <line num="21" type="stmt" count="1"/>
      <line num="22" type="stmt" count="17"/>
      <line num="24" type="stmt" count="17"/>
      <line num="27" type="stmt" count="17"/>
      <line num="29" type="stmt" count="25"/>
      <metrics loc="30" ncloc="30" classes="0" methods="0" coveredmethods="0" conditionals="0" coveredconditionals="0" statements="16" coveredstatements="16" elements="16" coveredelements="16"/>
    </file>
    <file name="/home/boehm_s/Documents/fun-php/src/internals/_curry3.php">
      <line num="3" type="stmt" count="1"/>
      <line num="4" type="stmt" count="1"/>
      <line num="5" type="stmt" count="1"/>
      <line num="8" type="stmt" count="5"/>
      <line num="9" type="stmt" count="5"/>
      <line num="11" type="stmt" count="5"/>
      <line num="12" type="stmt" count="0"/>
      <line num="13" type="stmt" count="5"/>
      <line num="15" type="stmt" count="4"/>
      <line num="23" type="stmt" count="2"/>
      <line num="24" type="stmt" count="2"/>
      <line num="25" type="stmt" count="2"/>
      <line num="27" type="stmt" count="2"/>
      <line num="28" type="stmt" count="0"/>
      <line num="29" type="stmt" count="2"/>
      <line num="31" type="stmt" count="2"/>
      <line num="33" type="stmt" count="2"/>
      <line num="35" type="stmt" count="2"/>
      <line num="37" type="stmt" count="2"/>
      <line num="39" type="stmt" count="2"/>
      <line num="42" type="stmt" count="2"/>
      <line num="48" type="stmt" count="6"/>
      <line num="49" type="stmt" count="6"/>
      <line num="50" type="stmt" count="6"/>
      <line num="52" type="stmt" count="6"/>
      <line num="54" type="stmt" count="1"/>
      <line num="55" type="stmt" count="1"/>
      <line num="56" type="stmt" count="6"/>
      <line num="57" type="stmt" count="5"/>
      <line num="59" type="stmt" count="2"/>
      <line num="61" type="stmt" count="6"/>
      <metrics loc="62" ncloc="62" classes="0" methods="0" coveredmethods="0" conditionals="0" coveredconditionals="0" statements="31" coveredstatements="29" elements="31" coveredelements="29"/>
    </file>
    <file name="/home/boehm_s/Documents/fun-php/src/internals/_filter.php">
      <line num="3" type="stmt" count="1"/>
      <line num="6" type="stmt" count="5"/>
      <line num="7" type="stmt" count="5"/>
      <line num="9" type="stmt" count="5"/>
      <line num="10" type="stmt" count="5"/>
      <line num="11" type="stmt" count="5"/>
      <line num="13" type="stmt" count="5"/>
      <line num="14" type="stmt" count="5"/>
      <line num="18" type="stmt" count="5"/>
      <metrics loc="19" ncloc="19" classes="0" methods="0" coveredmethods="0" conditionals="0" coveredconditionals="0" statements="9" coveredstatements="9" elements="9" coveredelements="9"/>
    </file>
    <file name="/home/boehm_s/Documents/fun-php/src/internals/_isPlaceholder.php">
      <line num="6" type="stmt" count="31"/>
      <metrics loc="7" ncloc="7" classes="0" methods="0" coveredmethods="0" conditionals="0" coveredconditionals="0" statements="1" coveredstatements="1" elements="1" coveredelements="1"/>
    </file>
    <file name="/home/boehm_s/Documents/fun-php/src/internals/_map.php">
      <line num="3" type="stmt" count="1"/>
      <line num="6" type="stmt" count="10"/>
      <line num="7" type="stmt" count="10"/>
      <line num="9" type="stmt" count="10"/>
      <line num="10" type="stmt" count="10"/>
      <line num="11" type="stmt" count="10"/>
      <line num="13" type="stmt" count="10"/>
      <line num="16" type="stmt" count="10"/>
      <metrics loc="17" ncloc="17" classes="0" methods="0" coveredmethods="0" conditionals="0" coveredconditionals="0" statements="8" coveredstatements="8" elements="8" coveredelements="8"/>
    </file>
    <file name="/home/boehm_s/Documents/fun-php/src/internals/_reduce.php">
      <line num="3" type="stmt" count="1"/>
      <line num="6" type="stmt" count="6"/>
      <line num="7" type="stmt" count="6"/>
      <line num="9" type="stmt" count="6"/>
      <line num="10" type="stmt" count="6"/>
      <line num="11" type="stmt" count="6"/>
      <line num="13" type="stmt" count="6"/>
      <line num="16" type="stmt" count="6"/>
      <metrics loc="17" ncloc="17" classes="0" methods="0" coveredmethods="0" conditionals="0" coveredconditionals="0" statements="8" coveredstatements="8" elements="8" coveredelements="8"/>
    </file>
    <metrics files="9" loc="640" ncloc="376" classes="1" methods="23" coveredmethods="23" conditionals="0" coveredconditionals="0" statements="161" coveredstatements="159" elements="184" coveredelements="182"/>
  </project>
</coverage>
